C:\USERS\SETH\DESKTOP\IT356\SCENEGRAPHWITHLIGHTSTEXTURES\SCENEGRAPHWITHLIGHTSTEXTURES\DEBUG\LIGHT.OBJ
C:\USERS\SETH\DESKTOP\IT356\SCENEGRAPHWITHLIGHTSTEXTURES\SCENEGRAPHWITHLIGHTSTEXTURES\DEBUG\SCENEGRAPHVIEWER.OBJ
C:\USERS\SETH\DESKTOP\IT356\SCENEGRAPHWITHLIGHTSTEXTURES\SCENEGRAPHWITHLIGHTSTEXTURES\DEBUG\TEXTURE.OBJ
C:\USERS\SETH\DESKTOP\IT356\SCENEGRAPHWITHLIGHTSTEXTURES\SCENEGRAPHWITHLIGHTSTEXTURES\DEBUG\VC110.PDB
C:\USERS\SETH\DESKTOP\IT356\SCENEGRAPHWITHLIGHTSTEXTURES\SCENEGRAPHWITHLIGHTSTEXTURES\DEBUG\SCENEGRAPH.OBJ
C:\USERS\SETH\DESKTOP\IT356\SCENEGRAPHWITHLIGHTSTEXTURES\SCENEGRAPHWITHLIGHTSTEXTURES\DEBUG\VIEW.OBJ
C:\USERS\SETH\DESKTOP\IT356\SCENEGRAPHWITHLIGHTSTEXTURES\DEBUG\SCENEGRAPHWITHLIGHTSTEXTURES.ILK
C:\USERS\SETH\DESKTOP\IT356\SCENEGRAPHWITHLIGHTSTEXTURES\DEBUG\SCENEGRAPHWITHLIGHTSTEXTURES.EXE
C:\USERS\SETH\DESKTOP\IT356\SCENEGRAPHWITHLIGHTSTEXTURES\DEBUG\SCENEGRAPHWITHLIGHTSTEXTURES.PDB
C:\Users\Seth\Desktop\IT356\ScenegraphWithLightsTextures\ScenegraphWithLightsTextures\Debug\Light.obj
C:\Users\Seth\Desktop\IT356\ScenegraphWithLightsTextures\ScenegraphWithLightsTextures\Debug\Scenegraph.obj
C:\Users\Seth\Desktop\IT356\ScenegraphWithLightsTextures\ScenegraphWithLightsTextures\Debug\ScenegraphViewer.obj
C:\Users\Seth\Desktop\IT356\ScenegraphWithLightsTextures\ScenegraphWithLightsTextures\Debug\Texture.obj
C:\Users\Seth\Desktop\IT356\ScenegraphWithLightsTextures\ScenegraphWithLightsTextures\Debug\View.obj
C:\Users\Seth\Desktop\IT356\ScenegraphWithLightsTextures\ScenegraphWithLightsTextures\Debug\cl.command.1.tlog
C:\Users\Seth\Desktop\IT356\ScenegraphWithLightsTextures\ScenegraphWithLightsTextures\Debug\CL.read.1.tlog
C:\Users\Seth\Desktop\IT356\ScenegraphWithLightsTextures\ScenegraphWithLightsTextures\Debug\CL.write.1.tlog
C:\Users\Seth\Desktop\IT356\ScenegraphWithLightsTextures\ScenegraphWithLightsTextures\Debug\link-cvtres.read.1.tlog
C:\Users\Seth\Desktop\IT356\ScenegraphWithLightsTextures\ScenegraphWithLightsTextures\Debug\link-cvtres.write.1.tlog
C:\Users\Seth\Desktop\IT356\ScenegraphWithLightsTextures\ScenegraphWithLightsTextures\Debug\link-rc.read.1.tlog
C:\Users\Seth\Desktop\IT356\ScenegraphWithLightsTextures\ScenegraphWithLightsTextures\Debug\link-rc.write.1.tlog
C:\Users\Seth\Desktop\IT356\ScenegraphWithLightsTextures\ScenegraphWithLightsTextures\Debug\link.2004-cvtres.read.1.tlog
C:\Users\Seth\Desktop\IT356\ScenegraphWithLightsTextures\ScenegraphWithLightsTextures\Debug\link.2004-cvtres.write.1.tlog
C:\Users\Seth\Desktop\IT356\ScenegraphWithLightsTextures\ScenegraphWithLightsTextures\Debug\link.2004-rc.read.1.tlog
C:\Users\Seth\Desktop\IT356\ScenegraphWithLightsTextures\ScenegraphWithLightsTextures\Debug\link.2004-rc.write.1.tlog
C:\Users\Seth\Desktop\IT356\ScenegraphWithLightsTextures\ScenegraphWithLightsTextures\Debug\link.2004.read.1.tlog
C:\Users\Seth\Desktop\IT356\ScenegraphWithLightsTextures\ScenegraphWithLightsTextures\Debug\link.2004.write.1.tlog
C:\Users\Seth\Desktop\IT356\ScenegraphWithLightsTextures\ScenegraphWithLightsTextures\Debug\link.8900-cvtres.read.1.tlog
C:\Users\Seth\Desktop\IT356\ScenegraphWithLightsTextures\ScenegraphWithLightsTextures\Debug\link.8900-cvtres.write.1.tlog
C:\Users\Seth\Desktop\IT356\ScenegraphWithLightsTextures\ScenegraphWithLightsTextures\Debug\link.8900-rc.read.1.tlog
C:\Users\Seth\Desktop\IT356\ScenegraphWithLightsTextures\ScenegraphWithLightsTextures\Debug\link.8900-rc.write.1.tlog
C:\Users\Seth\Desktop\IT356\ScenegraphWithLightsTextures\ScenegraphWithLightsTextures\Debug\link.8900.read.1.tlog
C:\Users\Seth\Desktop\IT356\ScenegraphWithLightsTextures\ScenegraphWithLightsTextures\Debug\link.8900.write.1.tlog
C:\Users\Seth\Desktop\IT356\ScenegraphWithLightsTextures\ScenegraphWithLightsTextures\Debug\link.command.1.tlog
C:\Users\Seth\Desktop\IT356\ScenegraphWithLightsTextures\ScenegraphWithLightsTextures\Debug\link.read.1.tlog
C:\Users\Seth\Desktop\IT356\ScenegraphWithLightsTextures\ScenegraphWithLightsTextures\Debug\link.write.1.tlog
C:\Users\Seth\Desktop\IT356\ScenegraphWithLightsTextures\ScenegraphWithLightsTextures\Debug\vc110.idb
C:\Users\Seth\Desktop\IT356\ScenegraphWithLightsTextures\ScenegraphWithLightsTextures\Debug\vc110.pdb
C:\Users\Seth\Desktop\IT356\ScenegraphWithLightsTextures\Debug\ScenegraphWithLightsTextures.pdb
C:\Users\Seth\Desktop\IT356\ScenegraphWithLightsTextures\Debug\ScenegraphWithLightsTextures.exe
C:\Users\Seth\Desktop\IT356\ScenegraphWithLightsTextures\Debug\ScenegraphWithLightsTextures.ilk
